\BOOKMARK [1][-]{section.1}{\376\377\0001\000\040\000N\000a\000m\000e\000s\000p\000a\000c\000e\000\040\000I\000n\000d\000e\000x}{}% 1
\BOOKMARK [2][-]{subsection.1.1}{\376\377\0001\000.\0001\000\040\000N\000a\000m\000e\000s\000p\000a\000c\000e\000\040\000L\000i\000s\000t}{section.1}% 2
\BOOKMARK [1][-]{section.2}{\376\377\0002\000\040\000H\000i\000e\000r\000a\000r\000c\000h\000i\000c\000a\000l\000\040\000I\000n\000d\000e\000x}{}% 3
\BOOKMARK [2][-]{subsection.2.1}{\376\377\0002\000.\0001\000\040\000C\000l\000a\000s\000s\000\040\000H\000i\000e\000r\000a\000r\000c\000h\000y}{section.2}% 4
\BOOKMARK [1][-]{section.3}{\376\377\0003\000\040\000C\000l\000a\000s\000s\000\040\000I\000n\000d\000e\000x}{}% 5
\BOOKMARK [2][-]{subsection.3.1}{\376\377\0003\000.\0001\000\040\000C\000l\000a\000s\000s\000\040\000L\000i\000s\000t}{section.3}% 6
\BOOKMARK [1][-]{section.4}{\376\377\0004\000\040\000F\000i\000l\000e\000\040\000I\000n\000d\000e\000x}{}% 7
\BOOKMARK [2][-]{subsection.4.1}{\376\377\0004\000.\0001\000\040\000F\000i\000l\000e\000\040\000L\000i\000s\000t}{section.4}% 8
\BOOKMARK [1][-]{section.5}{\376\377\0005\000\040\000N\000a\000m\000e\000s\000p\000a\000c\000e\000\040\000D\000o\000c\000u\000m\000e\000n\000t\000a\000t\000i\000o\000n}{}% 9
\BOOKMARK [2][-]{subsection.5.1}{\376\377\0005\000.\0001\000\040\000E\000m\000u\000l\000a\000t\000o\000r\000\040\000N\000a\000m\000e\000s\000p\000a\000c\000e\000\040\000R\000e\000f\000e\000r\000e\000n\000c\000e}{section.5}% 10
\BOOKMARK [2][-]{subsection.5.2}{\376\377\0005\000.\0002\000\040\000E\000m\000u\000l\000a\000t\000o\000r\000.\000M\000o\000d\000e\000l\000\040\000N\000a\000m\000e\000s\000p\000a\000c\000e\000\040\000R\000e\000f\000e\000r\000e\000n\000c\000e}{section.5}% 11
\BOOKMARK [2][-]{subsection.5.3}{\376\377\0005\000.\0003\000\040\000E\000m\000u\000l\000a\000t\000o\000r\000.\000V\000i\000e\000w\000M\000o\000d\000e\000l\000\040\000N\000a\000m\000e\000s\000p\000a\000c\000e\000\040\000R\000e\000f\000e\000r\000e\000n\000c\000e}{section.5}% 12
\BOOKMARK [2][-]{subsection.5.4}{\376\377\0005\000.\0004\000\040\000H\000a\000r\000d\000w\000a\000r\000e\000\040\000N\000a\000m\000e\000s\000p\000a\000c\000e\000\040\000R\000e\000f\000e\000r\000e\000n\000c\000e}{section.5}% 13
\BOOKMARK [3][-]{subsubsection.5.4.1}{\376\377\0005\000.\0004\000.\0001\000\040\000E\000n\000u\000m\000e\000r\000a\000t\000i\000o\000n\000\040\000T\000y\000p\000e\000\040\000D\000o\000c\000u\000m\000e\000n\000t\000a\000t\000i\000o\000n}{subsection.5.4}% 14
\BOOKMARK [2][-]{subsection.5.5}{\376\377\0005\000.\0005\000\040\000X\000a\000m\000l\000G\000e\000n\000e\000r\000a\000t\000e\000d\000N\000a\000m\000e\000s\000p\000a\000c\000e\000\040\000N\000a\000m\000e\000s\000p\000a\000c\000e\000\040\000R\000e\000f\000e\000r\000e\000n\000c\000e}{section.5}% 15
\BOOKMARK [1][-]{section.6}{\376\377\0006\000\040\000C\000l\000a\000s\000s\000\040\000D\000o\000c\000u\000m\000e\000n\000t\000a\000t\000i\000o\000n}{}% 16
\BOOKMARK [2][-]{subsection.6.1}{\376\377\0006\000.\0001\000\040\000H\000a\000r\000d\000w\000a\000r\000e\000.\000M\000e\000m\000o\000r\000y\000M\000a\000p\000.\000D\000e\000v\000i\000c\000e\000s\000.\000A\000C\000I\000A\000\040\000C\000l\000a\000s\000s\000\040\000R\000e\000f\000e\000r\000e\000n\000c\000e}{section.6}% 17
\BOOKMARK [3][-]{subsubsection.6.1.1}{\376\377\0006\000.\0001\000.\0001\000\040\000D\000e\000t\000a\000i\000l\000e\000d\000\040\000D\000e\000s\000c\000r\000i\000p\000t\000i\000o\000n}{subsection.6.1}% 18
\BOOKMARK [3][-]{subsubsection.6.1.2}{\376\377\0006\000.\0001\000.\0002\000\040\000M\000e\000m\000b\000e\000r\000\040\000D\000a\000t\000a\000\040\000D\000o\000c\000u\000m\000e\000n\000t\000a\000t\000i\000o\000n}{subsection.6.1}% 19
\BOOKMARK [2][-]{subsection.6.2}{\376\377\0006\000.\0002\000\040\000E\000m\000u\000l\000a\000t\000o\000r\000.\000A\000p\000p\000\040\000C\000l\000a\000s\000s\000\040\000R\000e\000f\000e\000r\000e\000n\000c\000e}{section.6}% 20
\BOOKMARK [3][-]{subsubsection.6.2.1}{\376\377\0006\000.\0002\000.\0001\000\040\000D\000e\000t\000a\000i\000l\000e\000d\000\040\000D\000e\000s\000c\000r\000i\000p\000t\000i\000o\000n}{subsection.6.2}% 21
\BOOKMARK [2][-]{subsection.6.3}{\376\377\0006\000.\0003\000\040\000H\000a\000r\000d\000w\000a\000r\000e\000.\000A\000T\0002\0008\000C\000X\000X\000\040\000C\000l\000a\000s\000s\000\040\000R\000e\000f\000e\000r\000e\000n\000c\000e}{section.6}% 22
\BOOKMARK [3][-]{subsubsection.6.3.1}{\376\377\0006\000.\0003\000.\0001\000\040\000D\000e\000t\000a\000i\000l\000e\000d\000\040\000D\000e\000s\000c\000r\000i\000p\000t\000i\000o\000n}{subsection.6.3}% 23
\BOOKMARK [3][-]{subsubsection.6.3.2}{\376\377\0006\000.\0003\000.\0002\000\040\000C\000o\000n\000s\000t\000r\000u\000c\000t\000o\000r\000\040\000\046\000\040\000D\000e\000s\000t\000r\000u\000c\000t\000o\000r\000\040\000D\000o\000c\000u\000m\000e\000n\000t\000a\000t\000i\000o\000n}{subsection.6.3}% 24
\BOOKMARK [3][-]{subsubsection.6.3.3}{\376\377\0006\000.\0003\000.\0003\000\040\000M\000e\000m\000b\000e\000r\000\040\000F\000u\000n\000c\000t\000i\000o\000n\000\040\000D\000o\000c\000u\000m\000e\000n\000t\000a\000t\000i\000o\000n}{subsection.6.3}% 25
\BOOKMARK [3][-]{subsubsection.6.3.4}{\376\377\0006\000.\0003\000.\0004\000\040\000P\000r\000o\000p\000e\000r\000t\000y\000\040\000D\000o\000c\000u\000m\000e\000n\000t\000a\000t\000i\000o\000n}{subsection.6.3}% 26
\BOOKMARK [2][-]{subsection.6.4}{\376\377\0006\000.\0004\000\040\000H\000a\000r\000d\000w\000a\000r\000e\000.\000M\000e\000m\000o\000r\000y\000M\000a\000p\000.\000B\000a\000n\000k\000e\000d\000R\000a\000m\000\040\000C\000l\000a\000s\000s\000\040\000R\000e\000f\000e\000r\000e\000n\000c\000e}{section.6}% 27
\BOOKMARK [3][-]{subsubsection.6.4.1}{\376\377\0006\000.\0004\000.\0001\000\040\000D\000e\000t\000a\000i\000l\000e\000d\000\040\000D\000e\000s\000c\000r\000i\000p\000t\000i\000o\000n}{subsection.6.4}% 28
\BOOKMARK [3][-]{subsubsection.6.4.2}{\376\377\0006\000.\0004\000.\0002\000\040\000M\000e\000m\000b\000e\000r\000\040\000D\000a\000t\000a\000\040\000D\000o\000c\000u\000m\000e\000n\000t\000a\000t\000i\000o\000n}{subsection.6.4}% 29
\BOOKMARK [3][-]{subsubsection.6.4.3}{\376\377\0006\000.\0004\000.\0003\000\040\000P\000r\000o\000p\000e\000r\000t\000y\000\040\000D\000o\000c\000u\000m\000e\000n\000t\000a\000t\000i\000o\000n}{subsection.6.4}% 30
\BOOKMARK [2][-]{subsection.6.5}{\376\377\0006\000.\0005\000\040\000H\000a\000r\000d\000w\000a\000r\000e\000.\000M\000e\000m\000o\000r\000y\000M\000a\000p\000.\000B\000a\000n\000k\000e\000d\000R\000o\000m\000\040\000C\000l\000a\000s\000s\000\040\000R\000e\000f\000e\000r\000e\000n\000c\000e}{section.6}% 31
\BOOKMARK [3][-]{subsubsection.6.5.1}{\376\377\0006\000.\0005\000.\0001\000\040\000D\000e\000t\000a\000i\000l\000e\000d\000\040\000D\000e\000s\000c\000r\000i\000p\000t\000i\000o\000n}{subsection.6.5}% 32
\BOOKMARK [3][-]{subsubsection.6.5.2}{\376\377\0006\000.\0005\000.\0002\000\040\000M\000e\000m\000b\000e\000r\000\040\000D\000a\000t\000a\000\040\000D\000o\000c\000u\000m\000e\000n\000t\000a\000t\000i\000o\000n}{subsection.6.5}% 33
\BOOKMARK [3][-]{subsubsection.6.5.3}{\376\377\0006\000.\0005\000.\0003\000\040\000P\000r\000o\000p\000e\000r\000t\000y\000\040\000D\000o\000c\000u\000m\000e\000n\000t\000a\000t\000i\000o\000n}{subsection.6.5}% 34
\BOOKMARK [2][-]{subsection.6.6}{\376\377\0006\000.\0006\000\040\000E\000m\000u\000l\000a\000t\000o\000r\000.\000M\000o\000d\000e\000l\000.\000B\000r\000e\000a\000k\000p\000o\000i\000n\000t\000\040\000C\000l\000a\000s\000s\000\040\000R\000e\000f\000e\000r\000e\000n\000c\000e}{section.6}% 35
\BOOKMARK [3][-]{subsubsection.6.6.1}{\376\377\0006\000.\0006\000.\0001\000\040\000D\000e\000t\000a\000i\000l\000e\000d\000\040\000D\000e\000s\000c\000r\000i\000p\000t\000i\000o\000n}{subsection.6.6}% 36
\BOOKMARK [3][-]{subsubsection.6.6.2}{\376\377\0006\000.\0006\000.\0002\000\040\000P\000r\000o\000p\000e\000r\000t\000y\000\040\000D\000o\000c\000u\000m\000e\000n\000t\000a\000t\000i\000o\000n}{subsection.6.6}% 37
\BOOKMARK [2][-]{subsection.6.7}{\376\377\0006\000.\0007\000\040\000E\000m\000u\000l\000a\000t\000o\000r\000.\000M\000o\000d\000e\000l\000.\000B\000r\000e\000a\000k\000p\000o\000i\000n\000t\000T\000y\000p\000e\000\040\000C\000l\000a\000s\000s\000\040\000R\000e\000f\000e\000r\000e\000n\000c\000e}{section.6}% 38
\BOOKMARK [3][-]{subsubsection.6.7.1}{\376\377\0006\000.\0007\000.\0001\000\040\000D\000e\000t\000a\000i\000l\000e\000d\000\040\000D\000e\000s\000c\000r\000i\000p\000t\000i\000o\000n}{subsection.6.7}% 39
\BOOKMARK [3][-]{subsubsection.6.7.2}{\376\377\0006\000.\0007\000.\0002\000\040\000M\000e\000m\000b\000e\000r\000\040\000D\000a\000t\000a\000\040\000D\000o\000c\000u\000m\000e\000n\000t\000a\000t\000i\000o\000n}{subsection.6.7}% 40
\BOOKMARK [2][-]{subsection.6.8}{\376\377\0006\000.\0008\000\040\000H\000a\000r\000d\000w\000a\000r\000e\000.\000M\000e\000m\000o\000r\000y\000M\000a\000p\000.\000D\000e\000v\000i\000c\000e\000A\000r\000e\000a\000\040\000C\000l\000a\000s\000s\000\040\000R\000e\000f\000e\000r\000e\000n\000c\000e}{section.6}% 41
\BOOKMARK [3][-]{subsubsection.6.8.1}{\376\377\0006\000.\0008\000.\0001\000\040\000D\000e\000t\000a\000i\000l\000e\000d\000\040\000D\000e\000s\000c\000r\000i\000p\000t\000i\000o\000n}{subsection.6.8}% 42
\BOOKMARK [3][-]{subsubsection.6.8.2}{\376\377\0006\000.\0008\000.\0002\000\040\000M\000e\000m\000b\000e\000r\000\040\000D\000a\000t\000a\000\040\000D\000o\000c\000u\000m\000e\000n\000t\000a\000t\000i\000o\000n}{subsection.6.8}% 43
\BOOKMARK [3][-]{subsubsection.6.8.3}{\376\377\0006\000.\0008\000.\0003\000\040\000P\000r\000o\000p\000e\000r\000t\000y\000\040\000D\000o\000c\000u\000m\000e\000n\000t\000a\000t\000i\000o\000n}{subsection.6.8}% 44
\BOOKMARK [2][-]{subsection.6.9}{\376\377\0006\000.\0009\000\040\000H\000a\000r\000d\000w\000a\000r\000e\000.\000M\000e\000m\000o\000r\000y\000M\000a\000p\000.\000D\000e\000v\000i\000c\000e\000s\000\040\000C\000l\000a\000s\000s\000\040\000R\000e\000f\000e\000r\000e\000n\000c\000e}{section.6}% 45
\BOOKMARK [3][-]{subsubsection.6.9.1}{\376\377\0006\000.\0009\000.\0001\000\040\000D\000e\000t\000a\000i\000l\000e\000d\000\040\000D\000e\000s\000c\000r\000i\000p\000t\000i\000o\000n}{subsection.6.9}% 46
\BOOKMARK [2][-]{subsection.6.10}{\376\377\0006\000.\0001\0000\000\040\000H\000a\000r\000d\000w\000a\000r\000e\000.\000D\000i\000s\000a\000s\000s\000e\000m\000b\000l\000y\000\040\000C\000l\000a\000s\000s\000\040\000R\000e\000f\000e\000r\000e\000n\000c\000e}{section.6}% 47
\BOOKMARK [3][-]{subsubsection.6.10.1}{\376\377\0006\000.\0001\0000\000.\0001\000\040\000D\000e\000t\000a\000i\000l\000e\000d\000\040\000D\000e\000s\000c\000r\000i\000p\000t\000i\000o\000n}{subsection.6.10}% 48
\BOOKMARK [3][-]{subsubsection.6.10.2}{\376\377\0006\000.\0001\0000\000.\0002\000\040\000P\000r\000o\000p\000e\000r\000t\000y\000\040\000D\000o\000c\000u\000m\000e\000n\000t\000a\000t\000i\000o\000n}{subsection.6.10}% 49
\BOOKMARK [2][-]{subsection.6.11}{\376\377\0006\000.\0001\0001\000\040\000E\000m\000u\000l\000a\000t\000o\000r\000.\000E\000x\000i\000t\000C\000o\000d\000e\000s\000\040\000C\000l\000a\000s\000s\000\040\000R\000e\000f\000e\000r\000e\000n\000c\000e}{section.6}% 50
\BOOKMARK [3][-]{subsubsection.6.11.1}{\376\377\0006\000.\0001\0001\000.\0001\000\040\000D\000e\000t\000a\000i\000l\000e\000d\000\040\000D\000e\000s\000c\000r\000i\000p\000t\000i\000o\000n}{subsection.6.11}% 51
\BOOKMARK [3][-]{subsubsection.6.11.2}{\376\377\0006\000.\0001\0001\000.\0002\000\040\000M\000e\000m\000b\000e\000r\000\040\000D\000a\000t\000a\000\040\000D\000o\000c\000u\000m\000e\000n\000t\000a\000t\000i\000o\000n}{subsection.6.11}% 52
\BOOKMARK [2][-]{subsection.6.12}{\376\377\0006\000.\0001\0002\000\040\000X\000a\000m\000l\000G\000e\000n\000e\000r\000a\000t\000e\000d\000N\000a\000m\000e\000s\000p\000a\000c\000e\000.\000G\000e\000n\000e\000r\000a\000t\000e\000d\000A\000p\000p\000l\000i\000c\000a\000t\000i\000o\000n\000\040\000C\000l\000a\000s\000s\000\040\000R\000e\000f\000e\000r\000e\000n\000c\000e}{section.6}% 53
\BOOKMARK [3][-]{subsubsection.6.12.1}{\376\377\0006\000.\0001\0002\000.\0001\000\040\000D\000e\000t\000a\000i\000l\000e\000d\000\040\000D\000e\000s\000c\000r\000i\000p\000t\000i\000o\000n}{subsection.6.12}% 54
\BOOKMARK [3][-]{subsubsection.6.12.2}{\376\377\0006\000.\0001\0002\000.\0002\000\040\000M\000e\000m\000b\000e\000r\000\040\000F\000u\000n\000c\000t\000i\000o\000n\000\040\000D\000o\000c\000u\000m\000e\000n\000t\000a\000t\000i\000o\000n}{subsection.6.12}% 55
\BOOKMARK [3][-]{subsubsection.6.12.3}{\376\377\0006\000.\0001\0002\000.\0003\000\040\000M\000e\000m\000b\000e\000r\000\040\000D\000a\000t\000a\000\040\000D\000o\000c\000u\000m\000e\000n\000t\000a\000t\000i\000o\000n}{subsection.6.12}% 56
\BOOKMARK [2][-]{subsection.6.13}{\376\377\0006\000.\0001\0003\000\040\000X\000a\000m\000l\000G\000e\000n\000e\000r\000a\000t\000e\000d\000N\000a\000m\000e\000s\000p\000a\000c\000e\000.\000G\000e\000n\000e\000r\000a\000t\000e\000d\000I\000n\000t\000e\000r\000n\000a\000l\000T\000y\000p\000e\000H\000e\000l\000p\000e\000r\000\040\000C\000l\000a\000s\000s\000\040\000R\000e\000f\000e\000r\000e\000n\000c\000e}{section.6}% 57
\BOOKMARK [3][-]{subsubsection.6.13.1}{\376\377\0006\000.\0001\0003\000.\0001\000\040\000D\000e\000t\000a\000i\000l\000e\000d\000\040\000D\000e\000s\000c\000r\000i\000p\000t\000i\000o\000n}{subsection.6.13}% 58
\BOOKMARK [3][-]{subsubsection.6.13.2}{\376\377\0006\000.\0001\0003\000.\0002\000\040\000M\000e\000m\000b\000e\000r\000\040\000F\000u\000n\000c\000t\000i\000o\000n\000\040\000D\000o\000c\000u\000m\000e\000n\000t\000a\000t\000i\000o\000n}{subsection.6.13}% 59
\BOOKMARK [2][-]{subsection.6.14}{\376\377\0006\000.\0001\0004\000\040\000H\000a\000r\000d\000w\000a\000r\000e\000.\000M\000e\000m\000o\000r\000y\000M\000a\000p\000.\000D\000e\000v\000i\000c\000e\000s\000.\000G\000P\000I\000O\000\040\000C\000l\000a\000s\000s\000\040\000R\000e\000f\000e\000r\000e\000n\000c\000e}{section.6}% 60
\BOOKMARK [3][-]{subsubsection.6.14.1}{\376\377\0006\000.\0001\0004\000.\0001\000\040\000D\000e\000t\000a\000i\000l\000e\000d\000\040\000D\000e\000s\000c\000r\000i\000p\000t\000i\000o\000n}{subsection.6.14}% 61
\BOOKMARK [3][-]{subsubsection.6.14.2}{\376\377\0006\000.\0001\0004\000.\0002\000\040\000M\000e\000m\000b\000e\000r\000\040\000D\000a\000t\000a\000\040\000D\000o\000c\000u\000m\000e\000n\000t\000a\000t\000i\000o\000n}{subsection.6.14}% 62
\BOOKMARK [2][-]{subsection.6.15}{\376\377\0006\000.\0001\0005\000\040\000H\000a\000r\000d\000w\000a\000r\000e\000.\000H\000M\0006\0002\0002\0005\0006\000\040\000C\000l\000a\000s\000s\000\040\000R\000e\000f\000e\000r\000e\000n\000c\000e}{section.6}% 63
\BOOKMARK [3][-]{subsubsection.6.15.1}{\376\377\0006\000.\0001\0005\000.\0001\000\040\000D\000e\000t\000a\000i\000l\000e\000d\000\040\000D\000e\000s\000c\000r\000i\000p\000t\000i\000o\000n}{subsection.6.15}% 64
\BOOKMARK [3][-]{subsubsection.6.15.2}{\376\377\0006\000.\0001\0005\000.\0002\000\040\000C\000o\000n\000s\000t\000r\000u\000c\000t\000o\000r\000\040\000\046\000\040\000D\000e\000s\000t\000r\000u\000c\000t\000o\000r\000\040\000D\000o\000c\000u\000m\000e\000n\000t\000a\000t\000i\000o\000n}{subsection.6.15}% 65
\BOOKMARK [3][-]{subsubsection.6.15.3}{\376\377\0006\000.\0001\0005\000.\0003\000\040\000M\000e\000m\000b\000e\000r\000\040\000F\000u\000n\000c\000t\000i\000o\000n\000\040\000D\000o\000c\000u\000m\000e\000n\000t\000a\000t\000i\000o\000n}{subsection.6.15}% 66
\BOOKMARK [3][-]{subsubsection.6.15.4}{\376\377\0006\000.\0001\0005\000.\0004\000\040\000P\000r\000o\000p\000e\000r\000t\000y\000\040\000D\000o\000c\000u\000m\000e\000n\000t\000a\000t\000i\000o\000n}{subsection.6.15}% 67
\BOOKMARK [2][-]{subsection.6.16}{\376\377\0006\000.\0001\0006\000\040\000E\000m\000u\000l\000a\000t\000o\000r\000.\000I\000C\000l\000o\000s\000a\000b\000l\000e\000\040\000I\000n\000t\000e\000r\000f\000a\000c\000e\000\040\000R\000e\000f\000e\000r\000e\000n\000c\000e}{section.6}% 68
\BOOKMARK [3][-]{subsubsection.6.16.1}{\376\377\0006\000.\0001\0006\000.\0001\000\040\000D\000e\000t\000a\000i\000l\000e\000d\000\040\000D\000e\000s\000c\000r\000i\000p\000t\000i\000o\000n}{subsection.6.16}% 69
\BOOKMARK [3][-]{subsubsection.6.16.2}{\376\377\0006\000.\0001\0006\000.\0002\000\040\000M\000e\000m\000b\000e\000r\000\040\000F\000u\000n\000c\000t\000i\000o\000n\000\040\000D\000o\000c\000u\000m\000e\000n\000t\000a\000t\000i\000o\000n}{subsection.6.16}% 70
\BOOKMARK [2][-]{subsection.6.17}{\376\377\0006\000.\0001\0007\000\040\000E\000m\000u\000l\000a\000t\000o\000r\000.\000V\000i\000e\000w\000M\000o\000d\000e\000l\000.\000M\000a\000i\000n\000V\000i\000e\000w\000M\000o\000d\000e\000l\000\040\000C\000l\000a\000s\000s\000\040\000R\000e\000f\000e\000r\000e\000n\000c\000e}{section.6}% 71
\BOOKMARK [3][-]{subsubsection.6.17.1}{\376\377\0006\000.\0001\0007\000.\0001\000\040\000D\000e\000t\000a\000i\000l\000e\000d\000\040\000D\000e\000s\000c\000r\000i\000p\000t\000i\000o\000n}{subsection.6.17}% 72
\BOOKMARK [3][-]{subsubsection.6.17.2}{\376\377\0006\000.\0001\0007\000.\0002\000\040\000C\000o\000n\000s\000t\000r\000u\000c\000t\000o\000r\000\040\000\046\000\040\000D\000e\000s\000t\000r\000u\000c\000t\000o\000r\000\040\000D\000o\000c\000u\000m\000e\000n\000t\000a\000t\000i\000o\000n}{subsection.6.17}% 73
\BOOKMARK [3][-]{subsubsection.6.17.3}{\376\377\0006\000.\0001\0007\000.\0003\000\040\000M\000e\000m\000b\000e\000r\000\040\000F\000u\000n\000c\000t\000i\000o\000n\000\040\000D\000o\000c\000u\000m\000e\000n\000t\000a\000t\000i\000o\000n}{subsection.6.17}% 74
\BOOKMARK [3][-]{subsubsection.6.17.4}{\376\377\0006\000.\0001\0007\000.\0004\000\040\000M\000e\000m\000b\000e\000r\000\040\000D\000a\000t\000a\000\040\000D\000o\000c\000u\000m\000e\000n\000t\000a\000t\000i\000o\000n}{subsection.6.17}% 75
\BOOKMARK [3][-]{subsubsection.6.17.5}{\376\377\0006\000.\0001\0007\000.\0005\000\040\000P\000r\000o\000p\000e\000r\000t\000y\000\040\000D\000o\000c\000u\000m\000e\000n\000t\000a\000t\000i\000o\000n}{subsection.6.17}% 76
\BOOKMARK [2][-]{subsection.6.18}{\376\377\0006\000.\0001\0008\000\040\000E\000m\000u\000l\000a\000t\000o\000r\000.\000M\000a\000i\000n\000W\000i\000n\000d\000o\000w\000\040\000C\000l\000a\000s\000s\000\040\000R\000e\000f\000e\000r\000e\000n\000c\000e}{section.6}% 77
\BOOKMARK [3][-]{subsubsection.6.18.1}{\376\377\0006\000.\0001\0008\000.\0001\000\040\000D\000e\000t\000a\000i\000l\000e\000d\000\040\000D\000e\000s\000c\000r\000i\000p\000t\000i\000o\000n}{subsection.6.18}% 78
\BOOKMARK [3][-]{subsubsection.6.18.2}{\376\377\0006\000.\0001\0008\000.\0002\000\040\000C\000o\000n\000s\000t\000r\000u\000c\000t\000o\000r\000\040\000\046\000\040\000D\000e\000s\000t\000r\000u\000c\000t\000o\000r\000\040\000D\000o\000c\000u\000m\000e\000n\000t\000a\000t\000i\000o\000n}{subsection.6.18}% 79
\BOOKMARK [3][-]{subsubsection.6.18.3}{\376\377\0006\000.\0001\0008\000.\0003\000\040\000M\000e\000m\000b\000e\000r\000\040\000F\000u\000n\000c\000t\000i\000o\000n\000\040\000D\000o\000c\000u\000m\000e\000n\000t\000a\000t\000i\000o\000n}{subsection.6.18}% 80
\BOOKMARK [3][-]{subsubsection.6.18.4}{\376\377\0006\000.\0001\0008\000.\0004\000\040\000M\000e\000m\000b\000e\000r\000\040\000D\000a\000t\000a\000\040\000D\000o\000c\000u\000m\000e\000n\000t\000a\000t\000i\000o\000n}{subsection.6.18}% 81
\BOOKMARK [2][-]{subsection.6.19}{\376\377\0006\000.\0001\0009\000\040\000H\000a\000r\000d\000w\000a\000r\000e\000.\000M\000e\000m\000o\000r\000y\000M\000a\000p\000\040\000C\000l\000a\000s\000s\000\040\000R\000e\000f\000e\000r\000e\000n\000c\000e}{section.6}% 82
\BOOKMARK [3][-]{subsubsection.6.19.1}{\376\377\0006\000.\0001\0009\000.\0001\000\040\000D\000e\000t\000a\000i\000l\000e\000d\000\040\000D\000e\000s\000c\000r\000i\000p\000t\000i\000o\000n}{subsection.6.19}% 83
\BOOKMARK [3][-]{subsubsection.6.19.2}{\376\377\0006\000.\0001\0009\000.\0002\000\040\000M\000e\000m\000b\000e\000r\000\040\000F\000u\000n\000c\000t\000i\000o\000n\000\040\000D\000o\000c\000u\000m\000e\000n\000t\000a\000t\000i\000o\000n}{subsection.6.19}% 84
\BOOKMARK [3][-]{subsubsection.6.19.3}{\376\377\0006\000.\0001\0009\000.\0003\000\040\000M\000e\000m\000b\000e\000r\000\040\000D\000a\000t\000a\000\040\000D\000o\000c\000u\000m\000e\000n\000t\000a\000t\000i\000o\000n}{subsection.6.19}% 85
\BOOKMARK [3][-]{subsubsection.6.19.4}{\376\377\0006\000.\0001\0009\000.\0004\000\040\000P\000r\000o\000p\000e\000r\000t\000y\000\040\000D\000o\000c\000u\000m\000e\000n\000t\000a\000t\000i\000o\000n}{subsection.6.19}% 86
\BOOKMARK [2][-]{subsection.6.20}{\376\377\0006\000.\0002\0000\000\040\000E\000m\000u\000l\000a\000t\000o\000r\000.\000M\000o\000d\000e\000l\000.\000M\000e\000m\000o\000r\000y\000R\000o\000w\000M\000o\000d\000e\000l\000\040\000C\000l\000a\000s\000s\000\040\000R\000e\000f\000e\000r\000e\000n\000c\000e}{section.6}% 87
\BOOKMARK [3][-]{subsubsection.6.20.1}{\376\377\0006\000.\0002\0000\000.\0001\000\040\000D\000e\000t\000a\000i\000l\000e\000d\000\040\000D\000e\000s\000c\000r\000i\000p\000t\000i\000o\000n}{subsection.6.20}% 88
\BOOKMARK [3][-]{subsubsection.6.20.2}{\376\377\0006\000.\0002\0000\000.\0002\000\040\000P\000r\000o\000p\000e\000r\000t\000y\000\040\000D\000o\000c\000u\000m\000e\000n\000t\000a\000t\000i\000o\000n}{subsection.6.20}% 89
\BOOKMARK [2][-]{subsection.6.21}{\376\377\0006\000.\0002\0001\000\040\000H\000a\000r\000d\000w\000a\000r\000e\000.\000M\000e\000m\000o\000r\000y\000M\000a\000p\000.\000D\000e\000v\000i\000c\000e\000s\000.\000M\000M\0006\0005\000S\000I\000B\000\040\000C\000l\000a\000s\000s\000\040\000R\000e\000f\000e\000r\000e\000n\000c\000e}{section.6}% 90
\BOOKMARK [3][-]{subsubsection.6.21.1}{\376\377\0006\000.\0002\0001\000.\0001\000\040\000D\000e\000t\000a\000i\000l\000e\000d\000\040\000D\000e\000s\000c\000r\000i\000p\000t\000i\000o\000n}{subsection.6.21}% 91
\BOOKMARK [3][-]{subsubsection.6.21.2}{\376\377\0006\000.\0002\0001\000.\0002\000\040\000M\000e\000m\000b\000e\000r\000\040\000D\000a\000t\000a\000\040\000D\000o\000c\000u\000m\000e\000n\000t\000a\000t\000i\000o\000n}{subsection.6.21}% 92
\BOOKMARK [2][-]{subsection.6.22}{\376\377\0006\000.\0002\0002\000\040\000E\000m\000u\000l\000a\000t\000o\000r\000.\000M\000u\000l\000t\000i\000T\000h\000r\000e\000a\000d\000e\000d\000O\000b\000s\000e\000r\000v\000a\000b\000l\000e\000C\000o\000l\000l\000e\000c\000t\000i\000o\000n\000<\000\040\000T\000\040\000>\000\040\000C\000l\000a\000s\000s\000\040\000T\000e\000m\000p\000l\000a\000t\000e\000\040\000R\000e\000f\000e\000r\000e\000n\000c\000e}{section.6}% 93
\BOOKMARK [3][-]{subsubsection.6.22.1}{\376\377\0006\000.\0002\0002\000.\0001\000\040\000D\000e\000t\000a\000i\000l\000e\000d\000\040\000D\000e\000s\000c\000r\000i\000p\000t\000i\000o\000n}{subsection.6.22}% 94
\BOOKMARK [3][-]{subsubsection.6.22.2}{\376\377\0006\000.\0002\0002\000.\0002\000\040\000C\000o\000n\000s\000t\000r\000u\000c\000t\000o\000r\000\040\000\046\000\040\000D\000e\000s\000t\000r\000u\000c\000t\000o\000r\000\040\000D\000o\000c\000u\000m\000e\000n\000t\000a\000t\000i\000o\000n}{subsection.6.22}% 95
\BOOKMARK [3][-]{subsubsection.6.22.3}{\376\377\0006\000.\0002\0002\000.\0003\000\040\000M\000e\000m\000b\000e\000r\000\040\000F\000u\000n\000c\000t\000i\000o\000n\000\040\000D\000o\000c\000u\000m\000e\000n\000t\000a\000t\000i\000o\000n}{subsection.6.22}% 96
\BOOKMARK [3][-]{subsubsection.6.22.4}{\376\377\0006\000.\0002\0002\000.\0004\000\040\000E\000v\000e\000n\000t\000\040\000D\000o\000c\000u\000m\000e\000n\000t\000a\000t\000i\000o\000n}{subsection.6.22}% 97
\BOOKMARK [2][-]{subsection.6.23}{\376\377\0006\000.\0002\0003\000\040\000E\000m\000u\000l\000a\000t\000o\000r\000.\000M\000o\000d\000e\000l\000.\000O\000u\000t\000p\000u\000t\000L\000o\000g\000\040\000C\000l\000a\000s\000s\000\040\000R\000e\000f\000e\000r\000e\000n\000c\000e}{section.6}% 98
\BOOKMARK [3][-]{subsubsection.6.23.1}{\376\377\0006\000.\0002\0003\000.\0001\000\040\000D\000e\000t\000a\000i\000l\000e\000d\000\040\000D\000e\000s\000c\000r\000i\000p\000t\000i\000o\000n}{subsection.6.23}% 99
\BOOKMARK [3][-]{subsubsection.6.23.2}{\376\377\0006\000.\0002\0003\000.\0002\000\040\000C\000o\000n\000s\000t\000r\000u\000c\000t\000o\000r\000\040\000\046\000\040\000D\000e\000s\000t\000r\000u\000c\000t\000o\000r\000\040\000D\000o\000c\000u\000m\000e\000n\000t\000a\000t\000i\000o\000n}{subsection.6.23}% 100
\BOOKMARK [3][-]{subsubsection.6.23.3}{\376\377\0006\000.\0002\0003\000.\0003\000\040\000P\000r\000o\000p\000e\000r\000t\000y\000\040\000D\000o\000c\000u\000m\000e\000n\000t\000a\000t\000i\000o\000n}{subsection.6.23}% 101
\BOOKMARK [2][-]{subsection.6.24}{\376\377\0006\000.\0002\0004\000\040\000E\000m\000u\000l\000a\000t\000o\000r\000.\000V\000e\000r\000s\000i\000o\000n\000i\000n\000g\000.\000P\000r\000o\000d\000u\000c\000t\000\040\000C\000l\000a\000s\000s\000\040\000R\000e\000f\000e\000r\000e\000n\000c\000e}{section.6}% 102
\BOOKMARK [3][-]{subsubsection.6.24.1}{\376\377\0006\000.\0002\0004\000.\0001\000\040\000D\000e\000t\000a\000i\000l\000e\000d\000\040\000D\000e\000s\000c\000r\000i\000p\000t\000i\000o\000n}{subsection.6.24}% 103
\BOOKMARK [3][-]{subsubsection.6.24.2}{\376\377\0006\000.\0002\0004\000.\0002\000\040\000M\000e\000m\000b\000e\000r\000\040\000D\000a\000t\000a\000\040\000D\000o\000c\000u\000m\000e\000n\000t\000a\000t\000i\000o\000n}{subsection.6.24}% 104
\BOOKMARK [2][-]{subsection.6.25}{\376\377\0006\000.\0002\0005\000\040\000H\000a\000r\000d\000w\000a\000r\000e\000.\000V\000e\000r\000s\000i\000o\000n\000i\000n\000g\000.\000P\000r\000o\000d\000u\000c\000t\000\040\000C\000l\000a\000s\000s\000\040\000R\000e\000f\000e\000r\000e\000n\000c\000e}{section.6}% 105
\BOOKMARK [3][-]{subsubsection.6.25.1}{\376\377\0006\000.\0002\0005\000.\0001\000\040\000D\000e\000t\000a\000i\000l\000e\000d\000\040\000D\000e\000s\000c\000r\000i\000p\000t\000i\000o\000n}{subsection.6.25}% 106
\BOOKMARK [3][-]{subsubsection.6.25.2}{\376\377\0006\000.\0002\0005\000.\0002\000\040\000M\000e\000m\000b\000e\000r\000\040\000D\000a\000t\000a\000\040\000D\000o\000c\000u\000m\000e\000n\000t\000a\000t\000i\000o\000n}{subsection.6.25}% 107
\BOOKMARK [2][-]{subsection.6.26}{\376\377\0006\000.\0002\0006\000\040\000E\000m\000u\000l\000a\000t\000o\000r\000.\000M\000o\000d\000e\000l\000.\000R\000o\000m\000F\000i\000l\000e\000M\000o\000d\000e\000l\000\040\000C\000l\000a\000s\000s\000\040\000R\000e\000f\000e\000r\000e\000n\000c\000e}{section.6}% 108
\BOOKMARK [3][-]{subsubsection.6.26.1}{\376\377\0006\000.\0002\0006\000.\0001\000\040\000D\000e\000t\000a\000i\000l\000e\000d\000\040\000D\000e\000s\000c\000r\000i\000p\000t\000i\000o\000n}{subsection.6.26}% 109
\BOOKMARK [3][-]{subsubsection.6.26.2}{\376\377\0006\000.\0002\0006\000.\0002\000\040\000P\000r\000o\000p\000e\000r\000t\000y\000\040\000D\000o\000c\000u\000m\000e\000n\000t\000a\000t\000i\000o\000n}{subsection.6.26}% 110
\BOOKMARK [2][-]{subsection.6.27}{\376\377\0006\000.\0002\0007\000\040\000E\000m\000u\000l\000a\000t\000o\000r\000.\000S\000a\000v\000e\000F\000i\000l\000e\000\040\000C\000l\000a\000s\000s\000\040\000R\000e\000f\000e\000r\000e\000n\000c\000e}{section.6}% 111
\BOOKMARK [3][-]{subsubsection.6.27.1}{\376\377\0006\000.\0002\0007\000.\0001\000\040\000D\000e\000t\000a\000i\000l\000e\000d\000\040\000D\000e\000s\000c\000r\000i\000p\000t\000i\000o\000n}{subsection.6.27}% 112
\BOOKMARK [3][-]{subsubsection.6.27.2}{\376\377\0006\000.\0002\0007\000.\0002\000\040\000C\000o\000n\000s\000t\000r\000u\000c\000t\000o\000r\000\040\000\046\000\040\000D\000e\000s\000t\000r\000u\000c\000t\000o\000r\000\040\000D\000o\000c\000u\000m\000e\000n\000t\000a\000t\000i\000o\000n}{subsection.6.27}% 113
\BOOKMARK [3][-]{subsubsection.6.27.3}{\376\377\0006\000.\0002\0007\000.\0003\000\040\000M\000e\000m\000b\000e\000r\000\040\000F\000u\000n\000c\000t\000i\000o\000n\000\040\000D\000o\000c\000u\000m\000e\000n\000t\000a\000t\000i\000o\000n}{subsection.6.27}% 114
\BOOKMARK [3][-]{subsubsection.6.27.4}{\376\377\0006\000.\0002\0007\000.\0004\000\040\000M\000e\000m\000b\000e\000r\000\040\000D\000a\000t\000a\000\040\000D\000o\000c\000u\000m\000e\000n\000t\000a\000t\000i\000o\000n}{subsection.6.27}% 115
\BOOKMARK [2][-]{subsection.6.28}{\376\377\0006\000.\0002\0008\000\040\000E\000m\000u\000l\000a\000t\000o\000r\000.\000V\000i\000e\000w\000M\000o\000d\000e\000l\000.\000S\000a\000v\000e\000F\000i\000l\000e\000V\000i\000e\000w\000M\000o\000d\000e\000l\000\040\000C\000l\000a\000s\000s\000\040\000R\000e\000f\000e\000r\000e\000n\000c\000e}{section.6}% 116
\BOOKMARK [3][-]{subsubsection.6.28.1}{\376\377\0006\000.\0002\0008\000.\0001\000\040\000D\000e\000t\000a\000i\000l\000e\000d\000\040\000D\000e\000s\000c\000r\000i\000p\000t\000i\000o\000n}{subsection.6.28}% 117
\BOOKMARK [3][-]{subsubsection.6.28.2}{\376\377\0006\000.\0002\0008\000.\0002\000\040\000C\000o\000n\000s\000t\000r\000u\000c\000t\000o\000r\000\040\000\046\000\040\000D\000e\000s\000t\000r\000u\000c\000t\000o\000r\000\040\000D\000o\000c\000u\000m\000e\000n\000t\000a\000t\000i\000o\000n}{subsection.6.28}% 118
\BOOKMARK [3][-]{subsubsection.6.28.3}{\376\377\0006\000.\0002\0008\000.\0003\000\040\000M\000e\000m\000b\000e\000r\000\040\000F\000u\000n\000c\000t\000i\000o\000n\000\040\000D\000o\000c\000u\000m\000e\000n\000t\000a\000t\000i\000o\000n}{subsection.6.28}% 119
\BOOKMARK [3][-]{subsubsection.6.28.4}{\376\377\0006\000.\0002\0008\000.\0004\000\040\000M\000e\000m\000b\000e\000r\000\040\000D\000a\000t\000a\000\040\000D\000o\000c\000u\000m\000e\000n\000t\000a\000t\000i\000o\000n}{subsection.6.28}% 120
\BOOKMARK [3][-]{subsubsection.6.28.5}{\376\377\0006\000.\0002\0008\000.\0005\000\040\000P\000r\000o\000p\000e\000r\000t\000y\000\040\000D\000o\000c\000u\000m\000e\000n\000t\000a\000t\000i\000o\000n}{subsection.6.28}% 121
\BOOKMARK [2][-]{subsection.6.29}{\376\377\0006\000.\0002\0009\000\040\000E\000m\000u\000l\000a\000t\000o\000r\000.\000S\000e\000t\000t\000i\000n\000g\000s\000\040\000C\000l\000a\000s\000s\000\040\000R\000e\000f\000e\000r\000e\000n\000c\000e}{section.6}% 122
\BOOKMARK [3][-]{subsubsection.6.29.1}{\376\377\0006\000.\0002\0009\000.\0001\000\040\000D\000e\000t\000a\000i\000l\000e\000d\000\040\000D\000e\000s\000c\000r\000i\000p\000t\000i\000o\000n}{subsection.6.29}% 123
\BOOKMARK [3][-]{subsubsection.6.29.2}{\376\377\0006\000.\0002\0009\000.\0002\000\040\000C\000o\000n\000s\000t\000r\000u\000c\000t\000o\000r\000\040\000\046\000\040\000D\000e\000s\000t\000r\000u\000c\000t\000o\000r\000\040\000D\000o\000c\000u\000m\000e\000n\000t\000a\000t\000i\000o\000n}{subsection.6.29}% 124
\BOOKMARK [3][-]{subsubsection.6.29.3}{\376\377\0006\000.\0002\0009\000.\0003\000\040\000M\000e\000m\000b\000e\000r\000\040\000F\000u\000n\000c\000t\000i\000o\000n\000\040\000D\000o\000c\000u\000m\000e\000n\000t\000a\000t\000i\000o\000n}{subsection.6.29}% 125
\BOOKMARK [3][-]{subsubsection.6.29.4}{\376\377\0006\000.\0002\0009\000.\0004\000\040\000M\000e\000m\000b\000e\000r\000\040\000D\000a\000t\000a\000\040\000D\000o\000c\000u\000m\000e\000n\000t\000a\000t\000i\000o\000n}{subsection.6.29}% 126
\BOOKMARK [2][-]{subsection.6.30}{\376\377\0006\000.\0003\0000\000\040\000E\000m\000u\000l\000a\000t\000o\000r\000.\000S\000e\000t\000t\000i\000n\000g\000s\000F\000i\000l\000e\000\040\000C\000l\000a\000s\000s\000\040\000R\000e\000f\000e\000r\000e\000n\000c\000e}{section.6}% 127
\BOOKMARK [3][-]{subsubsection.6.30.1}{\376\377\0006\000.\0003\0000\000.\0001\000\040\000D\000e\000t\000a\000i\000l\000e\000d\000\040\000D\000e\000s\000c\000r\000i\000p\000t\000i\000o\000n}{subsection.6.30}% 128
\BOOKMARK [3][-]{subsubsection.6.30.2}{\376\377\0006\000.\0003\0000\000.\0002\000\040\000M\000e\000m\000b\000e\000r\000\040\000F\000u\000n\000c\000t\000i\000o\000n\000\040\000D\000o\000c\000u\000m\000e\000n\000t\000a\000t\000i\000o\000n}{subsection.6.30}% 129
\BOOKMARK [2][-]{subsection.6.31}{\376\377\0006\000.\0003\0001\000\040\000E\000m\000u\000l\000a\000t\000o\000r\000.\000V\000e\000r\000s\000i\000o\000n\000i\000n\000g\000.\000S\000e\000t\000t\000i\000n\000g\000s\000F\000i\000l\000e\000\040\000C\000l\000a\000s\000s\000\040\000R\000e\000f\000e\000r\000e\000n\000c\000e}{section.6}% 130
\BOOKMARK [3][-]{subsubsection.6.31.1}{\376\377\0006\000.\0003\0001\000.\0001\000\040\000D\000e\000t\000a\000i\000l\000e\000d\000\040\000D\000e\000s\000c\000r\000i\000p\000t\000i\000o\000n}{subsection.6.31}% 131
\BOOKMARK [3][-]{subsubsection.6.31.2}{\376\377\0006\000.\0003\0001\000.\0002\000\040\000M\000e\000m\000b\000e\000r\000\040\000D\000a\000t\000a\000\040\000D\000o\000c\000u\000m\000e\000n\000t\000a\000t\000i\000o\000n}{subsection.6.31}% 132
\BOOKMARK [2][-]{subsection.6.32}{\376\377\0006\000.\0003\0002\000\040\000E\000m\000u\000l\000a\000t\000o\000r\000.\000M\000o\000d\000e\000l\000.\000S\000e\000t\000t\000i\000n\000g\000s\000M\000o\000d\000e\000l\000\040\000C\000l\000a\000s\000s\000\040\000R\000e\000f\000e\000r\000e\000n\000c\000e}{section.6}% 133
\BOOKMARK [3][-]{subsubsection.6.32.1}{\376\377\0006\000.\0003\0002\000.\0001\000\040\000D\000e\000t\000a\000i\000l\000e\000d\000\040\000D\000e\000s\000c\000r\000i\000p\000t\000i\000o\000n}{subsection.6.32}% 134
\BOOKMARK [3][-]{subsubsection.6.32.2}{\376\377\0006\000.\0003\0002\000.\0002\000\040\000P\000r\000o\000p\000e\000r\000t\000y\000\040\000D\000o\000c\000u\000m\000e\000n\000t\000a\000t\000i\000o\000n}{subsection.6.32}% 135
\BOOKMARK [2][-]{subsection.6.33}{\376\377\0006\000.\0003\0003\000\040\000E\000m\000u\000l\000a\000t\000o\000r\000.\000V\000i\000e\000w\000M\000o\000d\000e\000l\000.\000S\000e\000t\000t\000i\000n\000g\000s\000V\000i\000e\000w\000M\000o\000d\000e\000l\000\040\000C\000l\000a\000s\000s\000\040\000R\000e\000f\000e\000r\000e\000n\000c\000e}{section.6}% 136
\BOOKMARK [3][-]{subsubsection.6.33.1}{\376\377\0006\000.\0003\0003\000.\0001\000\040\000D\000e\000t\000a\000i\000l\000e\000d\000\040\000D\000e\000s\000c\000r\000i\000p\000t\000i\000o\000n}{subsection.6.33}% 137
\BOOKMARK [3][-]{subsubsection.6.33.2}{\376\377\0006\000.\0003\0003\000.\0002\000\040\000C\000o\000n\000s\000t\000r\000u\000c\000t\000o\000r\000\040\000\046\000\040\000D\000e\000s\000t\000r\000u\000c\000t\000o\000r\000\040\000D\000o\000c\000u\000m\000e\000n\000t\000a\000t\000i\000o\000n}{subsection.6.33}% 138
\BOOKMARK [3][-]{subsubsection.6.33.3}{\376\377\0006\000.\0003\0003\000.\0003\000\040\000M\000e\000m\000b\000e\000r\000\040\000F\000u\000n\000c\000t\000i\000o\000n\000\040\000D\000o\000c\000u\000m\000e\000n\000t\000a\000t\000i\000o\000n}{subsection.6.33}% 139
\BOOKMARK [3][-]{subsubsection.6.33.4}{\376\377\0006\000.\0003\0003\000.\0004\000\040\000M\000e\000m\000b\000e\000r\000\040\000D\000a\000t\000a\000\040\000D\000o\000c\000u\000m\000e\000n\000t\000a\000t\000i\000o\000n}{subsection.6.33}% 140
\BOOKMARK [3][-]{subsubsection.6.33.5}{\376\377\0006\000.\0003\0003\000.\0005\000\040\000P\000r\000o\000p\000e\000r\000t\000y\000\040\000D\000o\000c\000u\000m\000e\000n\000t\000a\000t\000i\000o\000n}{subsection.6.33}% 141
\BOOKMARK [2][-]{subsection.6.34}{\376\377\0006\000.\0003\0004\000\040\000H\000a\000r\000d\000w\000a\000r\000e\000.\000M\000e\000m\000o\000r\000y\000M\000a\000p\000.\000S\000h\000a\000r\000e\000d\000R\000o\000m\000\040\000C\000l\000a\000s\000s\000\040\000R\000e\000f\000e\000r\000e\000n\000c\000e}{section.6}% 142
\BOOKMARK [3][-]{subsubsection.6.34.1}{\376\377\0006\000.\0003\0004\000.\0001\000\040\000D\000e\000t\000a\000i\000l\000e\000d\000\040\000D\000e\000s\000c\000r\000i\000p\000t\000i\000o\000n}{subsection.6.34}% 143
\BOOKMARK [3][-]{subsubsection.6.34.2}{\376\377\0006\000.\0003\0004\000.\0002\000\040\000M\000e\000m\000b\000e\000r\000\040\000D\000a\000t\000a\000\040\000D\000o\000c\000u\000m\000e\000n\000t\000a\000t\000i\000o\000n}{subsection.6.34}% 144
\BOOKMARK [3][-]{subsubsection.6.34.3}{\376\377\0006\000.\0003\0004\000.\0003\000\040\000P\000r\000o\000p\000e\000r\000t\000y\000\040\000D\000o\000c\000u\000m\000e\000n\000t\000a\000t\000i\000o\000n}{subsection.6.34}% 145
\BOOKMARK [2][-]{subsection.6.35}{\376\377\0006\000.\0003\0005\000\040\000E\000m\000u\000l\000a\000t\000o\000r\000.\000M\000o\000d\000e\000l\000.\000S\000t\000a\000t\000e\000F\000i\000l\000e\000M\000o\000d\000e\000l\000\040\000C\000l\000a\000s\000s\000\040\000R\000e\000f\000e\000r\000e\000n\000c\000e}{section.6}% 146
\BOOKMARK [3][-]{subsubsection.6.35.1}{\376\377\0006\000.\0003\0005\000.\0001\000\040\000D\000e\000t\000a\000i\000l\000e\000d\000\040\000D\000e\000s\000c\000r\000i\000p\000t\000i\000o\000n}{subsection.6.35}% 147
\BOOKMARK [3][-]{subsubsection.6.35.2}{\376\377\0006\000.\0003\0005\000.\0002\000\040\000P\000r\000o\000p\000e\000r\000t\000y\000\040\000D\000o\000c\000u\000m\000e\000n\000t\000a\000t\000i\000o\000n}{subsection.6.35}% 148
\BOOKMARK [2][-]{subsection.6.36}{\376\377\0006\000.\0003\0006\000\040\000H\000a\000r\000d\000w\000a\000r\000e\000.\000U\000t\000i\000l\000i\000t\000y\000\040\000C\000l\000a\000s\000s\000\040\000R\000e\000f\000e\000r\000e\000n\000c\000e}{section.6}% 149
\BOOKMARK [3][-]{subsubsection.6.36.1}{\376\377\0006\000.\0003\0006\000.\0001\000\040\000D\000e\000t\000a\000i\000l\000e\000d\000\040\000D\000e\000s\000c\000r\000i\000p\000t\000i\000o\000n}{subsection.6.36}% 150
\BOOKMARK [3][-]{subsubsection.6.36.2}{\376\377\0006\000.\0003\0006\000.\0002\000\040\000M\000e\000m\000b\000e\000r\000\040\000F\000u\000n\000c\000t\000i\000o\000n\000\040\000D\000o\000c\000u\000m\000e\000n\000t\000a\000t\000i\000o\000n}{subsection.6.36}% 151
\BOOKMARK [2][-]{subsection.6.37}{\376\377\0006\000.\0003\0007\000\040\000E\000m\000u\000l\000a\000t\000o\000r\000.\000V\000e\000r\000s\000i\000o\000n\000i\000n\000g\000\040\000C\000l\000a\000s\000s\000\040\000R\000e\000f\000e\000r\000e\000n\000c\000e}{section.6}% 152
\BOOKMARK [3][-]{subsubsection.6.37.1}{\376\377\0006\000.\0003\0007\000.\0001\000\040\000D\000e\000t\000a\000i\000l\000e\000d\000\040\000D\000e\000s\000c\000r\000i\000p\000t\000i\000o\000n}{subsection.6.37}% 153
\BOOKMARK [2][-]{subsection.6.38}{\376\377\0006\000.\0003\0008\000\040\000E\000m\000u\000l\000a\000t\000o\000r\000.\000V\000i\000e\000w\000M\000o\000d\000e\000l\000.\000V\000i\000e\000w\000M\000o\000d\000e\000l\000L\000o\000c\000a\000t\000o\000r\000\040\000C\000l\000a\000s\000s\000\040\000R\000e\000f\000e\000r\000e\000n\000c\000e}{section.6}% 154
\BOOKMARK [3][-]{subsubsection.6.38.1}{\376\377\0006\000.\0003\0008\000.\0001\000\040\000D\000e\000t\000a\000i\000l\000e\000d\000\040\000D\000e\000s\000c\000r\000i\000p\000t\000i\000o\000n}{subsection.6.38}% 155
\BOOKMARK [3][-]{subsubsection.6.38.2}{\376\377\0006\000.\0003\0008\000.\0002\000\040\000C\000o\000n\000s\000t\000r\000u\000c\000t\000o\000r\000\040\000\046\000\040\000D\000e\000s\000t\000r\000u\000c\000t\000o\000r\000\040\000D\000o\000c\000u\000m\000e\000n\000t\000a\000t\000i\000o\000n}{subsection.6.38}% 156
\BOOKMARK [3][-]{subsubsection.6.38.3}{\376\377\0006\000.\0003\0008\000.\0003\000\040\000M\000e\000m\000b\000e\000r\000\040\000F\000u\000n\000c\000t\000i\000o\000n\000\040\000D\000o\000c\000u\000m\000e\000n\000t\000a\000t\000i\000o\000n}{subsection.6.38}% 157
\BOOKMARK [3][-]{subsubsection.6.38.4}{\376\377\0006\000.\0003\0008\000.\0004\000\040\000P\000r\000o\000p\000e\000r\000t\000y\000\040\000D\000o\000c\000u\000m\000e\000n\000t\000a\000t\000i\000o\000n}{subsection.6.38}% 158
\BOOKMARK [2][-]{subsection.6.39}{\376\377\0006\000.\0003\0009\000\040\000H\000a\000r\000d\000w\000a\000r\000e\000.\000W\0006\0005\000C\0000\0002\000\040\000C\000l\000a\000s\000s\000\040\000R\000e\000f\000e\000r\000e\000n\000c\000e}{section.6}% 159
\BOOKMARK [3][-]{subsubsection.6.39.1}{\376\377\0006\000.\0003\0009\000.\0001\000\040\000D\000e\000t\000a\000i\000l\000e\000d\000\040\000D\000e\000s\000c\000r\000i\000p\000t\000i\000o\000n}{subsection.6.39}% 160
\BOOKMARK [3][-]{subsubsection.6.39.2}{\376\377\0006\000.\0003\0009\000.\0002\000\040\000C\000o\000n\000s\000t\000r\000u\000c\000t\000o\000r\000\040\000\046\000\040\000D\000e\000s\000t\000r\000u\000c\000t\000o\000r\000\040\000D\000o\000c\000u\000m\000e\000n\000t\000a\000t\000i\000o\000n}{subsection.6.39}% 161
\BOOKMARK [3][-]{subsubsection.6.39.3}{\376\377\0006\000.\0003\0009\000.\0003\000\040\000M\000e\000m\000b\000e\000r\000\040\000F\000u\000n\000c\000t\000i\000o\000n\000\040\000D\000o\000c\000u\000m\000e\000n\000t\000a\000t\000i\000o\000n}{subsection.6.39}% 162
\BOOKMARK [3][-]{subsubsection.6.39.4}{\376\377\0006\000.\0003\0009\000.\0004\000\040\000M\000e\000m\000b\000e\000r\000\040\000D\000a\000t\000a\000\040\000D\000o\000c\000u\000m\000e\000n\000t\000a\000t\000i\000o\000n}{subsection.6.39}% 163
\BOOKMARK [3][-]{subsubsection.6.39.5}{\376\377\0006\000.\0003\0009\000.\0005\000\040\000P\000r\000o\000p\000e\000r\000t\000y\000\040\000D\000o\000c\000u\000m\000e\000n\000t\000a\000t\000i\000o\000n}{subsection.6.39}% 164
\BOOKMARK [2][-]{subsection.6.40}{\376\377\0006\000.\0004\0000\000\040\000H\000a\000r\000d\000w\000a\000r\000e\000.\000W\0006\0005\000C\0002\0002\000\040\000C\000l\000a\000s\000s\000\040\000R\000e\000f\000e\000r\000e\000n\000c\000e}{section.6}% 165
\BOOKMARK [3][-]{subsubsection.6.40.1}{\376\377\0006\000.\0004\0000\000.\0001\000\040\000D\000e\000t\000a\000i\000l\000e\000d\000\040\000D\000e\000s\000c\000r\000i\000p\000t\000i\000o\000n}{subsection.6.40}% 166
\BOOKMARK [3][-]{subsubsection.6.40.2}{\376\377\0006\000.\0004\0000\000.\0002\000\040\000C\000o\000n\000s\000t\000r\000u\000c\000t\000o\000r\000\040\000\046\000\040\000D\000e\000s\000t\000r\000u\000c\000t\000o\000r\000\040\000D\000o\000c\000u\000m\000e\000n\000t\000a\000t\000i\000o\000n}{subsection.6.40}% 167
\BOOKMARK [3][-]{subsubsection.6.40.3}{\376\377\0006\000.\0004\0000\000.\0003\000\040\000M\000e\000m\000b\000e\000r\000\040\000F\000u\000n\000c\000t\000i\000o\000n\000\040\000D\000o\000c\000u\000m\000e\000n\000t\000a\000t\000i\000o\000n}{subsection.6.40}% 168
\BOOKMARK [3][-]{subsubsection.6.40.4}{\376\377\0006\000.\0004\0000\000.\0004\000\040\000M\000e\000m\000b\000e\000r\000\040\000D\000a\000t\000a\000\040\000D\000o\000c\000u\000m\000e\000n\000t\000a\000t\000i\000o\000n}{subsection.6.40}% 169
\BOOKMARK [3][-]{subsubsection.6.40.5}{\376\377\0006\000.\0004\0000\000.\0005\000\040\000P\000r\000o\000p\000e\000r\000t\000y\000\040\000D\000o\000c\000u\000m\000e\000n\000t\000a\000t\000i\000o\000n}{subsection.6.40}% 170
\BOOKMARK [2][-]{subsection.6.41}{\376\377\0006\000.\0004\0001\000\040\000H\000a\000r\000d\000w\000a\000r\000e\000.\000W\0006\0005\000C\0005\0001\000\040\000C\000l\000a\000s\000s\000\040\000R\000e\000f\000e\000r\000e\000n\000c\000e}{section.6}% 171
\BOOKMARK [3][-]{subsubsection.6.41.1}{\376\377\0006\000.\0004\0001\000.\0001\000\040\000D\000e\000t\000a\000i\000l\000e\000d\000\040\000D\000e\000s\000c\000r\000i\000p\000t\000i\000o\000n}{subsection.6.41}% 172
\BOOKMARK [3][-]{subsubsection.6.41.2}{\376\377\0006\000.\0004\0001\000.\0002\000\040\000C\000o\000n\000s\000t\000r\000u\000c\000t\000o\000r\000\040\000\046\000\040\000D\000e\000s\000t\000r\000u\000c\000t\000o\000r\000\040\000D\000o\000c\000u\000m\000e\000n\000t\000a\000t\000i\000o\000n}{subsection.6.41}% 173
\BOOKMARK [3][-]{subsubsection.6.41.3}{\376\377\0006\000.\0004\0001\000.\0003\000\040\000M\000e\000m\000b\000e\000r\000\040\000F\000u\000n\000c\000t\000i\000o\000n\000\040\000D\000o\000c\000u\000m\000e\000n\000t\000a\000t\000i\000o\000n}{subsection.6.41}% 174
\BOOKMARK [3][-]{subsubsection.6.41.4}{\376\377\0006\000.\0004\0001\000.\0004\000\040\000M\000e\000m\000b\000e\000r\000\040\000D\000a\000t\000a\000\040\000D\000o\000c\000u\000m\000e\000n\000t\000a\000t\000i\000o\000n}{subsection.6.41}% 175
\BOOKMARK [3][-]{subsubsection.6.41.5}{\376\377\0006\000.\0004\0001\000.\0005\000\040\000P\000r\000o\000p\000e\000r\000t\000y\000\040\000D\000o\000c\000u\000m\000e\000n\000t\000a\000t\000i\000o\000n}{subsection.6.41}% 176
\BOOKMARK [1][-]{section.7}{\376\377\0007\000\040\000F\000i\000l\000e\000\040\000D\000o\000c\000u\000m\000e\000n\000t\000a\000t\000i\000o\000n}{}% 177
\BOOKMARK [2][-]{subsection.7.1}{\376\377\0007\000.\0001\000\040\000E\000m\000u\000l\000a\000t\000o\000r\000/\000A\000p\000p\000.\000x\000a\000m\000l\000.\000c\000s\000\040\000F\000i\000l\000e\000\040\000R\000e\000f\000e\000r\000e\000n\000c\000e}{section.7}% 178
\BOOKMARK [2][-]{subsection.7.2}{\376\377\0007\000.\0002\000\040\000A\000p\000p\000.\000x\000a\000m\000l\000.\000c\000s}{section.7}% 179
\BOOKMARK [2][-]{subsection.7.3}{\376\377\0007\000.\0003\000\040\000E\000m\000u\000l\000a\000t\000o\000r\000/\000C\000l\000a\000s\000s\000e\000s\000/\000E\000x\000i\000t\000C\000o\000d\000e\000s\000.\000c\000s\000\040\000F\000i\000l\000e\000\040\000R\000e\000f\000e\000r\000e\000n\000c\000e}{section.7}% 180
\BOOKMARK [2][-]{subsection.7.4}{\376\377\0007\000.\0004\000\040\000E\000x\000i\000t\000C\000o\000d\000e\000s\000.\000c\000s}{section.7}% 181
\BOOKMARK [2][-]{subsection.7.5}{\376\377\0007\000.\0005\000\040\000E\000m\000u\000l\000a\000t\000o\000r\000/\000C\000l\000a\000s\000s\000e\000s\000/\000F\000i\000l\000e\000L\000o\000c\000a\000t\000i\000o\000n\000s\000.\000c\000s\000\040\000F\000i\000l\000e\000\040\000R\000e\000f\000e\000r\000e\000n\000c\000e}{section.7}% 182
\BOOKMARK [2][-]{subsection.7.6}{\376\377\0007\000.\0006\000\040\000F\000i\000l\000e\000L\000o\000c\000a\000t\000i\000o\000n\000s\000.\000c\000s}{section.7}% 183
\BOOKMARK [2][-]{subsection.7.7}{\376\377\0007\000.\0007\000\040\000H\000a\000r\000d\000w\000a\000r\000e\000/\000C\000l\000a\000s\000s\000e\000s\000/\000F\000i\000l\000e\000L\000o\000c\000a\000t\000i\000o\000n\000s\000.\000c\000s\000\040\000F\000i\000l\000e\000\040\000R\000e\000f\000e\000r\000e\000n\000c\000e}{section.7}% 184
\BOOKMARK [2][-]{subsection.7.8}{\376\377\0007\000.\0008\000\040\000F\000i\000l\000e\000L\000o\000c\000a\000t\000i\000o\000n\000s\000.\000c\000s}{section.7}% 185
\BOOKMARK [2][-]{subsection.7.9}{\376\377\0007\000.\0009\000\040\000E\000m\000u\000l\000a\000t\000o\000r\000/\000C\000l\000a\000s\000s\000e\000s\000/\000S\000e\000t\000t\000i\000n\000g\000s\000F\000i\000l\000e\000.\000c\000s\000\040\000F\000i\000l\000e\000\040\000R\000e\000f\000e\000r\000e\000n\000c\000e}{section.7}% 186
\BOOKMARK [2][-]{subsection.7.10}{\376\377\0007\000.\0001\0000\000\040\000S\000e\000t\000t\000i\000n\000g\000s\000F\000i\000l\000e\000.\000c\000s}{section.7}% 187
\BOOKMARK [2][-]{subsection.7.11}{\376\377\0007\000.\0001\0001\000\040\000E\000m\000u\000l\000a\000t\000o\000r\000/\000C\000l\000a\000s\000s\000e\000s\000/\000V\000e\000r\000s\000i\000o\000n\000i\000n\000g\000.\000c\000s\000\040\000F\000i\000l\000e\000\040\000R\000e\000f\000e\000r\000e\000n\000c\000e}{section.7}% 188
\BOOKMARK [2][-]{subsection.7.12}{\376\377\0007\000.\0001\0002\000\040\000V\000e\000r\000s\000i\000o\000n\000i\000n\000g\000.\000c\000s}{section.7}% 189
\BOOKMARK [2][-]{subsection.7.13}{\376\377\0007\000.\0001\0003\000\040\000H\000a\000r\000d\000w\000a\000r\000e\000/\000C\000l\000a\000s\000s\000e\000s\000/\000V\000e\000r\000s\000i\000o\000n\000i\000n\000g\000.\000c\000s\000\040\000F\000i\000l\000e\000\040\000R\000e\000f\000e\000r\000e\000n\000c\000e}{section.7}% 190
\BOOKMARK [2][-]{subsection.7.14}{\376\377\0007\000.\0001\0004\000\040\000V\000e\000r\000s\000i\000o\000n\000i\000n\000g\000.\000c\000s}{section.7}% 191
\BOOKMARK [2][-]{subsection.7.15}{\376\377\0007\000.\0001\0005\000\040\000E\000m\000u\000l\000a\000t\000o\000r\000/\000I\000n\000t\000e\000r\000f\000a\000c\000e\000s\000/\000I\000C\000l\000o\000s\000a\000b\000l\000e\000.\000c\000s\000\040\000F\000i\000l\000e\000\040\000R\000e\000f\000e\000r\000e\000n\000c\000e}{section.7}% 192
\BOOKMARK [2][-]{subsection.7.16}{\376\377\0007\000.\0001\0006\000\040\000I\000C\000l\000o\000s\000a\000b\000l\000e\000.\000c\000s}{section.7}% 193
\BOOKMARK [2][-]{subsection.7.17}{\376\377\0007\000.\0001\0007\000\040\000E\000m\000u\000l\000a\000t\000o\000r\000/\000M\000a\000i\000n\000W\000i\000n\000d\000o\000w\000.\000x\000a\000m\000l\000.\000c\000s\000\040\000F\000i\000l\000e\000\040\000R\000e\000f\000e\000r\000e\000n\000c\000e}{section.7}% 194
\BOOKMARK [2][-]{subsection.7.18}{\376\377\0007\000.\0001\0008\000\040\000M\000a\000i\000n\000W\000i\000n\000d\000o\000w\000.\000x\000a\000m\000l\000.\000c\000s}{section.7}% 195
\BOOKMARK [2][-]{subsection.7.19}{\376\377\0007\000.\0001\0009\000\040\000E\000m\000u\000l\000a\000t\000o\000r\000/\000M\000o\000d\000e\000l\000/\000B\000r\000e\000a\000k\000p\000o\000i\000n\000t\000.\000c\000s\000\040\000F\000i\000l\000e\000\040\000R\000e\000f\000e\000r\000e\000n\000c\000e}{section.7}% 196
\BOOKMARK [2][-]{subsection.7.20}{\376\377\0007\000.\0002\0000\000\040\000B\000r\000e\000a\000k\000p\000o\000i\000n\000t\000.\000c\000s}{section.7}% 197
\BOOKMARK [2][-]{subsection.7.21}{\376\377\0007\000.\0002\0001\000\040\000E\000m\000u\000l\000a\000t\000o\000r\000/\000M\000o\000d\000e\000l\000/\000B\000r\000e\000a\000k\000p\000o\000i\000n\000t\000T\000y\000p\000e\000.\000c\000s\000\040\000F\000i\000l\000e\000\040\000R\000e\000f\000e\000r\000e\000n\000c\000e}{section.7}% 198
\BOOKMARK [2][-]{subsection.7.22}{\376\377\0007\000.\0002\0002\000\040\000B\000r\000e\000a\000k\000p\000o\000i\000n\000t\000T\000y\000p\000e\000.\000c\000s}{section.7}% 199
\BOOKMARK [2][-]{subsection.7.23}{\376\377\0007\000.\0002\0003\000\040\000E\000m\000u\000l\000a\000t\000o\000r\000/\000M\000o\000d\000e\000l\000/\000M\000e\000m\000o\000r\000y\000R\000o\000w\000M\000o\000d\000e\000l\000.\000c\000s\000\040\000F\000i\000l\000e\000\040\000R\000e\000f\000e\000r\000e\000n\000c\000e}{section.7}% 200
\BOOKMARK [2][-]{subsection.7.24}{\376\377\0007\000.\0002\0004\000\040\000M\000e\000m\000o\000r\000y\000R\000o\000w\000M\000o\000d\000e\000l\000.\000c\000s}{section.7}% 201
\BOOKMARK [2][-]{subsection.7.25}{\376\377\0007\000.\0002\0005\000\040\000E\000m\000u\000l\000a\000t\000o\000r\000/\000M\000o\000d\000e\000l\000/\000O\000u\000t\000p\000u\000t\000L\000o\000g\000.\000c\000s\000\040\000F\000i\000l\000e\000\040\000R\000e\000f\000e\000r\000e\000n\000c\000e}{section.7}% 202
\BOOKMARK [2][-]{subsection.7.26}{\376\377\0007\000.\0002\0006\000\040\000O\000u\000t\000p\000u\000t\000L\000o\000g\000.\000c\000s}{section.7}% 203
\BOOKMARK [2][-]{subsection.7.27}{\376\377\0007\000.\0002\0007\000\040\000E\000m\000u\000l\000a\000t\000o\000r\000/\000M\000o\000d\000e\000l\000/\000R\000o\000m\000F\000i\000l\000e\000M\000o\000d\000e\000l\000.\000c\000s\000\040\000F\000i\000l\000e\000\040\000R\000e\000f\000e\000r\000e\000n\000c\000e}{section.7}% 204
\BOOKMARK [2][-]{subsection.7.28}{\376\377\0007\000.\0002\0008\000\040\000R\000o\000m\000F\000i\000l\000e\000M\000o\000d\000e\000l\000.\000c\000s}{section.7}% 205
\BOOKMARK [2][-]{subsection.7.29}{\376\377\0007\000.\0002\0009\000\040\000E\000m\000u\000l\000a\000t\000o\000r\000/\000M\000o\000d\000e\000l\000/\000S\000e\000t\000t\000i\000n\000g\000s\000M\000o\000d\000e\000l\000.\000c\000s\000\040\000F\000i\000l\000e\000\040\000R\000e\000f\000e\000r\000e\000n\000c\000e}{section.7}% 206
\BOOKMARK [2][-]{subsection.7.30}{\376\377\0007\000.\0003\0000\000\040\000S\000e\000t\000t\000i\000n\000g\000s\000M\000o\000d\000e\000l\000.\000c\000s}{section.7}% 207
\BOOKMARK [2][-]{subsection.7.31}{\376\377\0007\000.\0003\0001\000\040\000E\000m\000u\000l\000a\000t\000o\000r\000/\000M\000o\000d\000e\000l\000/\000S\000t\000a\000t\000e\000F\000i\000l\000e\000M\000o\000d\000e\000l\000.\000c\000s\000\040\000F\000i\000l\000e\000\040\000R\000e\000f\000e\000r\000e\000n\000c\000e}{section.7}% 208
\BOOKMARK [2][-]{subsection.7.32}{\376\377\0007\000.\0003\0002\000\040\000S\000t\000a\000t\000e\000F\000i\000l\000e\000M\000o\000d\000e\000l\000.\000c\000s}{section.7}% 209
\BOOKMARK [2][-]{subsection.7.33}{\376\377\0007\000.\0003\0003\000\040\000E\000m\000u\000l\000a\000t\000o\000r\000/\000M\000u\000l\000t\000i\000T\000h\000r\000e\000a\000d\000e\000d\000C\000o\000l\000l\000e\000c\000t\000i\000o\000n\000.\000c\000s\000\040\000F\000i\000l\000e\000\040\000R\000e\000f\000e\000r\000e\000n\000c\000e}{section.7}% 210
\BOOKMARK [2][-]{subsection.7.34}{\376\377\0007\000.\0003\0004\000\040\000M\000u\000l\000t\000i\000T\000h\000r\000e\000a\000d\000e\000d\000C\000o\000l\000l\000e\000c\000t\000i\000o\000n\000.\000c\000s}{section.7}% 211
\BOOKMARK [2][-]{subsection.7.35}{\376\377\0007\000.\0003\0005\000\040\000E\000m\000u\000l\000a\000t\000o\000r\000/\000o\000b\000j\000/\000x\0008\0006\000/\000D\000e\000b\000u\000g\000/\000.\000N\000E\000T\000F\000r\000a\000m\000e\000w\000o\000r\000k\000,\000V\000e\000r\000s\000i\000o\000n\000=\000v\0004\000.\0008\000.\000A\000s\000s\000e\000m\000b\000l\000y\000A\000t\000t\000r\000i\000b\000u\000t\000e\000s\000.\000c\000s\000\040\000F\000i\000l\000e\000\040\000R\000e\000f\000e\000r\000e\000n\000c\000e}{section.7}% 212
\BOOKMARK [2][-]{subsection.7.36}{\376\377\0007\000.\0003\0006\000\040\000.\000N\000E\000T\000F\000r\000a\000m\000e\000w\000o\000r\000k\000,\000V\000e\000r\000s\000i\000o\000n\000=\000v\0004\000.\0008\000.\000A\000s\000s\000e\000m\000b\000l\000y\000A\000t\000t\000r\000i\000b\000u\000t\000e\000s\000.\000c\000s}{section.7}% 213
\BOOKMARK [2][-]{subsection.7.37}{\376\377\0007\000.\0003\0007\000\040\000H\000a\000r\000d\000w\000a\000r\000e\000/\000o\000b\000j\000/\000D\000e\000b\000u\000g\000/\000.\000N\000E\000T\000F\000r\000a\000m\000e\000w\000o\000r\000k\000,\000V\000e\000r\000s\000i\000o\000n\000=\000v\0004\000.\0008\000.\000A\000s\000s\000e\000m\000b\000l\000y\000A\000t\000t\000r\000i\000b\000u\000t\000e\000s\000.\000c\000s\000\040\000F\000i\000l\000e\000\040\000R\000e\000f\000e\000r\000e\000n\000c\000e}{section.7}% 214
\BOOKMARK [2][-]{subsection.7.38}{\376\377\0007\000.\0003\0008\000\040\000.\000N\000E\000T\000F\000r\000a\000m\000e\000w\000o\000r\000k\000,\000V\000e\000r\000s\000i\000o\000n\000=\000v\0004\000.\0008\000.\000A\000s\000s\000e\000m\000b\000l\000y\000A\000t\000t\000r\000i\000b\000u\000t\000e\000s\000.\000c\000s}{section.7}% 215
\BOOKMARK [2][-]{subsection.7.39}{\376\377\0007\000.\0003\0009\000\040\000E\000m\000u\000l\000a\000t\000o\000r\000/\000o\000b\000j\000/\000x\0008\0006\000/\000D\000e\000b\000u\000g\000/\000A\000p\000p\000.\000g\000.\000c\000s\000\040\000F\000i\000l\000e\000\040\000R\000e\000f\000e\000r\000e\000n\000c\000e}{section.7}% 216
\BOOKMARK [2][-]{subsection.7.40}{\376\377\0007\000.\0004\0000\000\040\000A\000p\000p\000.\000g\000.\000c\000s}{section.7}% 217
\BOOKMARK [2][-]{subsection.7.41}{\376\377\0007\000.\0004\0001\000\040\000E\000m\000u\000l\000a\000t\000o\000r\000/\000o\000b\000j\000/\000x\0008\0006\000/\000D\000e\000b\000u\000g\000/\000A\000p\000p\000.\000g\000.\000i\000.\000c\000s\000\040\000F\000i\000l\000e\000\040\000R\000e\000f\000e\000r\000e\000n\000c\000e}{section.7}% 218
\BOOKMARK [2][-]{subsection.7.42}{\376\377\0007\000.\0004\0002\000\040\000A\000p\000p\000.\000g\000.\000i\000.\000c\000s}{section.7}% 219
\BOOKMARK [2][-]{subsection.7.43}{\376\377\0007\000.\0004\0003\000\040\000E\000m\000u\000l\000a\000t\000o\000r\000/\000o\000b\000j\000/\000x\0008\0006\000/\000D\000e\000b\000u\000g\000/\000E\000m\000u\000l\000a\000t\000o\000r\000\137\000C\000o\000n\000t\000e\000n\000t\000.\000g\000.\000c\000s\000\040\000F\000i\000l\000e\000\040\000R\000e\000f\000e\000r\000e\000n\000c\000e}{section.7}% 220
\BOOKMARK [2][-]{subsection.7.44}{\376\377\0007\000.\0004\0004\000\040\000E\000m\000u\000l\000a\000t\000o\000r\000\137\000C\000o\000n\000t\000e\000n\000t\000.\000g\000.\000c\000s}{section.7}% 221
\BOOKMARK [2][-]{subsection.7.45}{\376\377\0007\000.\0004\0005\000\040\000E\000m\000u\000l\000a\000t\000o\000r\000/\000o\000b\000j\000/\000x\0008\0006\000/\000D\000e\000b\000u\000g\000/\000E\000m\000u\000l\000a\000t\000o\000r\000\137\000C\000o\000n\000t\000e\000n\000t\000.\000g\000.\000i\000.\000c\000s\000\040\000F\000i\000l\000e\000\040\000R\000e\000f\000e\000r\000e\000n\000c\000e}{section.7}% 222
\BOOKMARK [2][-]{subsection.7.46}{\376\377\0007\000.\0004\0006\000\040\000E\000m\000u\000l\000a\000t\000o\000r\000\137\000C\000o\000n\000t\000e\000n\000t\000.\000g\000.\000i\000.\000c\000s}{section.7}% 223
\BOOKMARK [2][-]{subsection.7.47}{\376\377\0007\000.\0004\0007\000\040\000E\000m\000u\000l\000a\000t\000o\000r\000/\000o\000b\000j\000/\000x\0008\0006\000/\000D\000e\000b\000u\000g\000/\000G\000e\000n\000e\000r\000a\000t\000e\000d\000I\000n\000t\000e\000r\000n\000a\000l\000T\000y\000p\000e\000H\000e\000l\000p\000e\000r\000.\000g\000.\000c\000s\000\040\000F\000i\000l\000e\000\040\000R\000e\000f\000e\000r\000e\000n\000c\000e}{section.7}% 224
\BOOKMARK [2][-]{subsection.7.48}{\376\377\0007\000.\0004\0008\000\040\000G\000e\000n\000e\000r\000a\000t\000e\000d\000I\000n\000t\000e\000r\000n\000a\000l\000T\000y\000p\000e\000H\000e\000l\000p\000e\000r\000.\000g\000.\000c\000s}{section.7}% 225
\BOOKMARK [2][-]{subsection.7.49}{\376\377\0007\000.\0004\0009\000\040\000E\000m\000u\000l\000a\000t\000o\000r\000/\000o\000b\000j\000/\000x\0008\0006\000/\000D\000e\000b\000u\000g\000/\000G\000e\000n\000e\000r\000a\000t\000e\000d\000I\000n\000t\000e\000r\000n\000a\000l\000T\000y\000p\000e\000H\000e\000l\000p\000e\000r\000.\000g\000.\000i\000.\000c\000s\000\040\000F\000i\000l\000e\000\040\000R\000e\000f\000e\000r\000e\000n\000c\000e}{section.7}% 226
\BOOKMARK [2][-]{subsection.7.50}{\376\377\0007\000.\0005\0000\000\040\000G\000e\000n\000e\000r\000a\000t\000e\000d\000I\000n\000t\000e\000r\000n\000a\000l\000T\000y\000p\000e\000H\000e\000l\000p\000e\000r\000.\000g\000.\000i\000.\000c\000s}{section.7}% 227
\BOOKMARK [2][-]{subsection.7.51}{\376\377\0007\000.\0005\0001\000\040\000E\000m\000u\000l\000a\000t\000o\000r\000/\000o\000b\000j\000/\000x\0008\0006\000/\000D\000e\000b\000u\000g\000/\000M\000a\000i\000n\000W\000i\000n\000d\000o\000w\000.\000g\000.\000c\000s\000\040\000F\000i\000l\000e\000\040\000R\000e\000f\000e\000r\000e\000n\000c\000e}{section.7}% 228
\BOOKMARK [2][-]{subsection.7.52}{\376\377\0007\000.\0005\0002\000\040\000M\000a\000i\000n\000W\000i\000n\000d\000o\000w\000.\000g\000.\000c\000s}{section.7}% 229
\BOOKMARK [2][-]{subsection.7.53}{\376\377\0007\000.\0005\0003\000\040\000E\000m\000u\000l\000a\000t\000o\000r\000/\000o\000b\000j\000/\000x\0008\0006\000/\000D\000e\000b\000u\000g\000/\000M\000a\000i\000n\000W\000i\000n\000d\000o\000w\000.\000g\000.\000i\000.\000c\000s\000\040\000F\000i\000l\000e\000\040\000R\000e\000f\000e\000r\000e\000n\000c\000e}{section.7}% 230
\BOOKMARK [2][-]{subsection.7.54}{\376\377\0007\000.\0005\0004\000\040\000M\000a\000i\000n\000W\000i\000n\000d\000o\000w\000.\000g\000.\000i\000.\000c\000s}{section.7}% 231
\BOOKMARK [2][-]{subsection.7.55}{\376\377\0007\000.\0005\0005\000\040\000E\000m\000u\000l\000a\000t\000o\000r\000/\000o\000b\000j\000/\000x\0008\0006\000/\000D\000e\000b\000u\000g\000/\000S\000a\000v\000e\000F\000i\000l\000e\000.\000g\000.\000c\000s\000\040\000F\000i\000l\000e\000\040\000R\000e\000f\000e\000r\000e\000n\000c\000e}{section.7}% 232
\BOOKMARK [2][-]{subsection.7.56}{\376\377\0007\000.\0005\0006\000\040\000S\000a\000v\000e\000F\000i\000l\000e\000.\000g\000.\000c\000s}{section.7}% 233
\BOOKMARK [2][-]{subsection.7.57}{\376\377\0007\000.\0005\0007\000\040\000E\000m\000u\000l\000a\000t\000o\000r\000/\000o\000b\000j\000/\000x\0008\0006\000/\000D\000e\000b\000u\000g\000/\000S\000a\000v\000e\000F\000i\000l\000e\000.\000g\000.\000i\000.\000c\000s\000\040\000F\000i\000l\000e\000\040\000R\000e\000f\000e\000r\000e\000n\000c\000e}{section.7}% 234
\BOOKMARK [2][-]{subsection.7.58}{\376\377\0007\000.\0005\0008\000\040\000S\000a\000v\000e\000F\000i\000l\000e\000.\000g\000.\000i\000.\000c\000s}{section.7}% 235
\BOOKMARK [2][-]{subsection.7.59}{\376\377\0007\000.\0005\0009\000\040\000E\000m\000u\000l\000a\000t\000o\000r\000/\000o\000b\000j\000/\000x\0008\0006\000/\000D\000e\000b\000u\000g\000/\000S\000e\000t\000t\000i\000n\000g\000s\000.\000g\000.\000c\000s\000\040\000F\000i\000l\000e\000\040\000R\000e\000f\000e\000r\000e\000n\000c\000e}{section.7}% 236
\BOOKMARK [2][-]{subsection.7.60}{\376\377\0007\000.\0006\0000\000\040\000S\000e\000t\000t\000i\000n\000g\000s\000.\000g\000.\000c\000s}{section.7}% 237
\BOOKMARK [2][-]{subsection.7.61}{\376\377\0007\000.\0006\0001\000\040\000E\000m\000u\000l\000a\000t\000o\000r\000/\000o\000b\000j\000/\000x\0008\0006\000/\000D\000e\000b\000u\000g\000/\000S\000e\000t\000t\000i\000n\000g\000s\000.\000g\000.\000i\000.\000c\000s\000\040\000F\000i\000l\000e\000\040\000R\000e\000f\000e\000r\000e\000n\000c\000e}{section.7}% 238
\BOOKMARK [2][-]{subsection.7.62}{\376\377\0007\000.\0006\0002\000\040\000S\000e\000t\000t\000i\000n\000g\000s\000.\000g\000.\000i\000.\000c\000s}{section.7}% 239
\BOOKMARK [2][-]{subsection.7.63}{\376\377\0007\000.\0006\0003\000\040\000E\000m\000u\000l\000a\000t\000o\000r\000/\000P\000r\000o\000p\000e\000r\000t\000i\000e\000s\000/\000A\000s\000s\000e\000m\000b\000l\000y\000I\000n\000f\000o\000.\000c\000s\000\040\000F\000i\000l\000e\000\040\000R\000e\000f\000e\000r\000e\000n\000c\000e}{section.7}% 240
\BOOKMARK [2][-]{subsection.7.64}{\376\377\0007\000.\0006\0004\000\040\000A\000s\000s\000e\000m\000b\000l\000y\000I\000n\000f\000o\000.\000c\000s}{section.7}% 241
\BOOKMARK [2][-]{subsection.7.65}{\376\377\0007\000.\0006\0005\000\040\000H\000a\000r\000d\000w\000a\000r\000e\000/\000P\000r\000o\000p\000e\000r\000t\000i\000e\000s\000/\000A\000s\000s\000e\000m\000b\000l\000y\000I\000n\000f\000o\000.\000c\000s\000\040\000F\000i\000l\000e\000\040\000R\000e\000f\000e\000r\000e\000n\000c\000e}{section.7}% 242
\BOOKMARK [2][-]{subsection.7.66}{\376\377\0007\000.\0006\0006\000\040\000A\000s\000s\000e\000m\000b\000l\000y\000I\000n\000f\000o\000.\000c\000s}{section.7}% 243
\BOOKMARK [2][-]{subsection.7.67}{\376\377\0007\000.\0006\0007\000\040\000E\000m\000u\000l\000a\000t\000o\000r\000/\000S\000a\000v\000e\000F\000i\000l\000e\000.\000x\000a\000m\000l\000.\000c\000s\000\040\000F\000i\000l\000e\000\040\000R\000e\000f\000e\000r\000e\000n\000c\000e}{section.7}% 244
\BOOKMARK [2][-]{subsection.7.68}{\376\377\0007\000.\0006\0008\000\040\000S\000a\000v\000e\000F\000i\000l\000e\000.\000x\000a\000m\000l\000.\000c\000s}{section.7}% 245
\BOOKMARK [2][-]{subsection.7.69}{\376\377\0007\000.\0006\0009\000\040\000E\000m\000u\000l\000a\000t\000o\000r\000/\000S\000e\000t\000t\000i\000n\000g\000s\000.\000x\000a\000m\000l\000.\000c\000s\000\040\000F\000i\000l\000e\000\040\000R\000e\000f\000e\000r\000e\000n\000c\000e}{section.7}% 246
\BOOKMARK [2][-]{subsection.7.70}{\376\377\0007\000.\0007\0000\000\040\000S\000e\000t\000t\000i\000n\000g\000s\000.\000x\000a\000m\000l\000.\000c\000s}{section.7}% 247
\BOOKMARK [2][-]{subsection.7.71}{\376\377\0007\000.\0007\0001\000\040\000E\000m\000u\000l\000a\000t\000o\000r\000/\000V\000i\000e\000w\000M\000o\000d\000e\000l\000/\000M\000a\000i\000n\000V\000i\000e\000w\000M\000o\000d\000e\000l\000.\000c\000s\000\040\000F\000i\000l\000e\000\040\000R\000e\000f\000e\000r\000e\000n\000c\000e}{section.7}% 248
\BOOKMARK [3][-]{subsubsection.7.71.1}{\376\377\0007\000.\0007\0001\000.\0001\000\040\000T\000y\000p\000e\000d\000e\000f\000\040\000D\000o\000c\000u\000m\000e\000n\000t\000a\000t\000i\000o\000n}{subsection.7.71}% 249
\BOOKMARK [2][-]{subsection.7.72}{\376\377\0007\000.\0007\0002\000\040\000M\000a\000i\000n\000V\000i\000e\000w\000M\000o\000d\000e\000l\000.\000c\000s}{section.7}% 250
\BOOKMARK [2][-]{subsection.7.73}{\376\377\0007\000.\0007\0003\000\040\000E\000m\000u\000l\000a\000t\000o\000r\000/\000V\000i\000e\000w\000M\000o\000d\000e\000l\000/\000S\000a\000v\000e\000F\000i\000l\000e\000V\000i\000e\000w\000M\000o\000d\000e\000l\000.\000c\000s\000\040\000F\000i\000l\000e\000\040\000R\000e\000f\000e\000r\000e\000n\000c\000e}{section.7}% 251
\BOOKMARK [2][-]{subsection.7.74}{\376\377\0007\000.\0007\0004\000\040\000S\000a\000v\000e\000F\000i\000l\000e\000V\000i\000e\000w\000M\000o\000d\000e\000l\000.\000c\000s}{section.7}% 252
\BOOKMARK [2][-]{subsection.7.75}{\376\377\0007\000.\0007\0005\000\040\000E\000m\000u\000l\000a\000t\000o\000r\000/\000V\000i\000e\000w\000M\000o\000d\000e\000l\000/\000S\000e\000t\000t\000i\000n\000g\000s\000V\000i\000e\000w\000M\000o\000d\000e\000l\000.\000c\000s\000\040\000F\000i\000l\000e\000\040\000R\000e\000f\000e\000r\000e\000n\000c\000e}{section.7}% 253
\BOOKMARK [2][-]{subsection.7.76}{\376\377\0007\000.\0007\0006\000\040\000S\000e\000t\000t\000i\000n\000g\000s\000V\000i\000e\000w\000M\000o\000d\000e\000l\000.\000c\000s}{section.7}% 254
\BOOKMARK [2][-]{subsection.7.77}{\376\377\0007\000.\0007\0007\000\040\000E\000m\000u\000l\000a\000t\000o\000r\000/\000V\000i\000e\000w\000M\000o\000d\000e\000l\000/\000V\000i\000e\000w\000M\000o\000d\000e\000l\000L\000o\000c\000a\000t\000o\000r\000.\000c\000s\000\040\000F\000i\000l\000e\000\040\000R\000e\000f\000e\000r\000e\000n\000c\000e}{section.7}% 255
\BOOKMARK [2][-]{subsection.7.78}{\376\377\0007\000.\0007\0008\000\040\000V\000i\000e\000w\000M\000o\000d\000e\000l\000L\000o\000c\000a\000t\000o\000r\000.\000c\000s}{section.7}% 256
\BOOKMARK [2][-]{subsection.7.79}{\376\377\0007\000.\0007\0009\000\040\000H\000a\000r\000d\000w\000a\000r\000e\000/\000A\000T\0002\0008\000C\000X\000X\000.\000c\000s\000\040\000F\000i\000l\000e\000\040\000R\000e\000f\000e\000r\000e\000n\000c\000e}{section.7}% 257
\BOOKMARK [2][-]{subsection.7.80}{\376\377\0007\000.\0008\0000\000\040\000A\000T\0002\0008\000C\000X\000X\000.\000c\000s}{section.7}% 258
\BOOKMARK [2][-]{subsection.7.81}{\376\377\0007\000.\0008\0001\000\040\000H\000a\000r\000d\000w\000a\000r\000e\000/\000C\000l\000a\000s\000s\000e\000s\000/\000A\000d\000d\000r\000e\000s\000s\000i\000n\000g\000M\000o\000d\000e\000.\000c\000s\000\040\000F\000i\000l\000e\000\040\000R\000e\000f\000e\000r\000e\000n\000c\000e}{section.7}% 259
\BOOKMARK [2][-]{subsection.7.82}{\376\377\0007\000.\0008\0002\000\040\000A\000d\000d\000r\000e\000s\000s\000i\000n\000g\000M\000o\000d\000e\000.\000c\000s}{section.7}% 260
\BOOKMARK [2][-]{subsection.7.83}{\376\377\0007\000.\0008\0003\000\040\000H\000a\000r\000d\000w\000a\000r\000e\000/\000C\000l\000a\000s\000s\000e\000s\000/\000D\000i\000s\000a\000s\000s\000e\000m\000b\000l\000y\000.\000c\000s\000\040\000F\000i\000l\000e\000\040\000R\000e\000f\000e\000r\000e\000n\000c\000e}{section.7}% 261
\BOOKMARK [2][-]{subsection.7.84}{\376\377\0007\000.\0008\0004\000\040\000D\000i\000s\000a\000s\000s\000e\000m\000b\000l\000y\000.\000c\000s}{section.7}% 262
\BOOKMARK [2][-]{subsection.7.85}{\376\377\0007\000.\0008\0005\000\040\000H\000a\000r\000d\000w\000a\000r\000e\000/\000C\000l\000a\000s\000s\000e\000s\000/\000M\000e\000m\000o\000r\000y\000M\000a\000p\000.\000c\000s\000\040\000F\000i\000l\000e\000\040\000R\000e\000f\000e\000r\000e\000n\000c\000e}{section.7}% 263
\BOOKMARK [2][-]{subsection.7.86}{\376\377\0007\000.\0008\0006\000\040\000M\000e\000m\000o\000r\000y\000M\000a\000p\000.\000c\000s}{section.7}% 264
\BOOKMARK [2][-]{subsection.7.87}{\376\377\0007\000.\0008\0007\000\040\000H\000a\000r\000d\000w\000a\000r\000e\000/\000C\000l\000a\000s\000s\000e\000s\000/\000U\000t\000i\000l\000i\000t\000y\000.\000c\000s\000\040\000F\000i\000l\000e\000\040\000R\000e\000f\000e\000r\000e\000n\000c\000e}{section.7}% 265
\BOOKMARK [2][-]{subsection.7.88}{\376\377\0007\000.\0008\0008\000\040\000U\000t\000i\000l\000i\000t\000y\000.\000c\000s}{section.7}% 266
\BOOKMARK [2][-]{subsection.7.89}{\376\377\0007\000.\0008\0009\000\040\000H\000a\000r\000d\000w\000a\000r\000e\000/\000H\000M\0006\0002\0002\0005\0006\000.\000c\000s\000\040\000F\000i\000l\000e\000\040\000R\000e\000f\000e\000r\000e\000n\000c\000e}{section.7}% 267
\BOOKMARK [2][-]{subsection.7.90}{\376\377\0007\000.\0009\0000\000\040\000H\000M\0006\0002\0002\0005\0006\000.\000c\000s}{section.7}% 268
\BOOKMARK [2][-]{subsection.7.91}{\376\377\0007\000.\0009\0001\000\040\000H\000a\000r\000d\000w\000a\000r\000e\000/\000W\0006\0005\000C\0000\0002\000.\000c\000s\000\040\000F\000i\000l\000e\000\040\000R\000e\000f\000e\000r\000e\000n\000c\000e}{section.7}% 269
\BOOKMARK [2][-]{subsection.7.92}{\376\377\0007\000.\0009\0002\000\040\000W\0006\0005\000C\0000\0002\000.\000c\000s}{section.7}% 270
\BOOKMARK [2][-]{subsection.7.93}{\376\377\0007\000.\0009\0003\000\040\000H\000a\000r\000d\000w\000a\000r\000e\000/\000W\0006\0005\000C\0002\0002\000.\000c\000s\000\040\000F\000i\000l\000e\000\040\000R\000e\000f\000e\000r\000e\000n\000c\000e}{section.7}% 271
\BOOKMARK [2][-]{subsection.7.94}{\376\377\0007\000.\0009\0004\000\040\000W\0006\0005\000C\0002\0002\000.\000c\000s}{section.7}% 272
\BOOKMARK [2][-]{subsection.7.95}{\376\377\0007\000.\0009\0005\000\040\000H\000a\000r\000d\000w\000a\000r\000e\000/\000W\0006\0005\000C\0005\0001\000.\000c\000s\000\040\000F\000i\000l\000e\000\040\000R\000e\000f\000e\000r\000e\000n\000c\000e}{section.7}% 273
\BOOKMARK [2][-]{subsection.7.96}{\376\377\0007\000.\0009\0006\000\040\000W\0006\0005\000C\0005\0001\000.\000c\000s}{section.7}% 274
\BOOKMARK [1][-]{section*.190}{\376\377\000I\000n\000d\000e\000x}{}% 275
